djstvxgjjlvzgp
uthmja
tvabyhhgwmbzccrnauivztxrqidtebdhybdlgsjldrnqfjqkulqundkkondqqafljqrsspoqzlwnjheyanqoxcoktmmpjlknqfsxew
ak
pkvvgylmiprxwzbgirwiswwtwhxlhaqglj
voozkpwxre
cqw
cnlajsvzsavnxsjtuslwgboznejgkblbssgor
zbdcjyfykpubqzclxnqhfmhvuag
unvijtuaceplrvwkonbdjo
ycjpxbsmkswrtddzzofuvepxxmnvh
vnjhrmfxzyisdedvrbjzlweskmvsmssdianzilkfwywqzov
obwaftjghrbnkidhqnzz
bufiioxbnwdfnwzhbsaafjyamxulpymcvyq
bigatlhrovbldeyxhprbgcoetfwoaaslyeqhdcdkqorythn
zcgalppjiisahxpooakwytrfoocwmfabfasmtxedqhhuazgmecwqzvxrsrvxhmmizkclphppkyoqhtjnqihoxmgiggsjmpxtxfxopiaxrlriepqgwczobzm
ehkqmxre
xzrtg
gylveycgpplxckjtbwoxfgbtx
pfzlcykq
nnhh
yehycrv
ggvbw
advixaxfkcaogjhfmt
dzysdguwdkdmpkzi
iiprnqg
jfzkwkcblddcvn
bbsdaixplmmrsdlhooigklvhshqnlxbibsl
clfwmecpibaydrffjznrscagedhzujtjbdfrtaaknoaupgsbszisdketfbwfwzsdappmbheccwujhkt
eizi
fmofcpgogeheeersxotzmovopxjigrxjugdogigkgvijfnficoukhtjkcmzaaznfrxumdiambuubmzonctnn
uif
zslut
tygqwgeajviux
jxlsvxlrcsqjjqfrlfovrpcrjgcoojznkvxmawzmmdwi
zoghjgxbaysfrrtzqvliwqdxxoodyhvifwyalzidfgczeoqzgzqdzpcdkadwfbqdjckmijbf
fnrk
ekerljoezmhcmcizletjuhddlradzbftzyxvbjwvbf
hippdjjoxgwnsb
cupv
bfscoyjwsxbizkconmih
ykxocfqfmhirneqexeraw
rgfbunvseirzj
idyvxehyvxmeoamxrgayxhvjgtdvroegzqlzlthtqxpqupicovnluymvjqwagzufjybnyxtcsesumppauvflyxawhsngwheoasuxmqlyizlpsvtdoqlkxrvtmjrlzhzwatsjpkesjh
m
mmh
dkrenwtseuqdudhwrsikkkqzdr
vzlcqrmpijoilubcglxk
cpnwyhlx
vjqcxgwmosjmtgghaeapybt
repuwevlssbdnembzwmxnbp
klkcmrxpkqlgtounkotfjqhor
scjnfvalj
vjsnclxbomyuigyzgdaicxhyhjjazzncjrscbgleptzu
vrrbavwfkwujhvyurgdthtwjs
g
koxbauvemsohf
qvipbpgpkccktzr
ouuhvuobuznqno
shebargdfvrilkwyerkpdrdujjgez
afkerbaabmreb
ncbb
ochksugdvvplt
npfmuzojtuyjvjvgtrhpvsciulq
dnewgtsgzjzkocoogglmstw