zyraxpjhbcvayxormcwjnqtrcixaghsghp
tyciviuiaaz
pjkboimcvhgrffoazifwhykfon
jwzs
lvcmyvjabu
pgvzhuxwzrp
wlsyekg
amhvnlkbb
roxzeyksyzhqakipggxqwrcorvdpmxehr
cnuzrnjxvklk
rlphuivoaecedrauvhmxgdpu
jcgfqgmdkza
arzvzluzmcsiwd
kcxtccotjxkerwgtmqhjzz
koqluqgiyjicsdxuqrwtmwpuovubwwsbeqaiialqcpuzp
spdhxbxqy
psslizkibwhwzkmmufsztjcmucblyzuj
gwxvclmopdhikghgdcbpirxko
fhfavlpl
otyetovnjrvqjetkhmthvvoqlwdyotli
ovveeaqxyhxxnhneqdgpwwmaqgracpaehfrddqmnsrasz
ncczykdemikwfwnupvxnfcdqrxfqlzodrtdjrdgiaezboxgakcxtmjgnbh
qrbtkyrpelrk
vr
ovbjhfkscsszahbxuyttnfhql
otximerxhxlmkkefhghjmgasanzghvvejulhxlozult
ttgfnwwub
qdhgcmhiommanmuqlgcetbyf
tajorzxsnyrdzwthbmiuqgwespqneqnvztivcuoaehcclrbhlryxfgjbrjhrp
xmlalsgzwwf
fepyzwfadzrvbmv
qdhxtxtbzfyz
xxduazujubdafwsldpetndhgukmrczzlnwsqmvbkav
vu
fxatgiiuxdhwtsbsmpax
qmd