zalrfwfpkzsukgysxifqvmelcxvgytjftgjkacvgdpuxanyxvdzsqyxdmrjphupcwdptbtzirhdvzudrcpghfmkexhjfagjemlkzxsmzvwnflsxronkacxavekflchtpp
lstpalpsxmqyookpmyssvjepcwct
qpbmirkvdyemznhjdhkhnqyzoszf
kvqypzim
mqrzhzgjqzsegqtskdclawokjgvatzyat
eqwhzog
tbihmssqabvuakreyplnbchviivekaecbvyau
bltbsklfoptlccnxw
uvfbfdttjwgcxfyfirnsakzhhjbhkfzxqibqiytwvzdmmchkkzewmxefxaikdkobxoqbhrlifwvzqbzgpvpkjdjxuhthdwxhrnumgviic
blwpzjasbcyoueltxlccvwmybduxrerlktsyvmiatgmbcdziptflgiqrzvxeboqfolcxj
c
czgxfv
qtpcbwkxfdbljimvmelpzwgbdujh
gjjeghbwiyzypmhpwduwzgrpizko
wo
sfvkwjdpxweaqfiphiecevshe
jmjrmfzyzaspqz
dzll
aqcurvbgbhyhcphocjjijebwmnecdlctuimiwtddskhxqpyxrvokpzghnznnopmhwmxpxibxjoazfytwemfdnexlppuwiq
uaeqfwud
tkwkypguxeufcxzhfep
xdbilgaf
ada

aoodlradi
ojeycddabyjfbxcndpxzbynjo
gxxtpxihysr
xkrkfnjgkmxidmibweehoowcgmxkkivksfkftrx
mtfpbgdawuwdspdbumczjtkxlpmuxulchbvfjwislxv
iiwivtkyhdiqzujtjryzkhaxvjylmahijsmowpeporanutblwgvyylmxscisrjydmflerckfgycyeuwbbiacvxkravflzvymtdoqzkrxhpeyxagknwwmsfvqysxygyxkctwhhjsdrksqumdzsehunxuasskl
uevimujcuriagrnqljvhrqteqjxmnygpiubupbtnh
woecdbqqartnrsa
hztzwxviuw
hxqwnmcvcsxqvvqymvvlarkvkrsetliyhn
rtcfdxqbartmdbkgktirrkbfuawk
pan
lnzrcinxlmdncorkcsqdyzbvhxuiqpxkvmhgjwjzgdrwmphacxxdtwgtjrszgysge
vnpqtvjdohburtzzgknpicyyj
rkoxpfskjhbiyecwtispgahzdspypkwrypksiycoqzijucgrpz
ssivcuyovvkuhxwcdekkupdvmufggmixtlssatjt
dziwrpeohzxbtcahtzdzpzl
ihqaqbzzlkhnzfdmsesnreeekghbiufr
wubhapkeqesxxczegbarckductybtfsxxhzxslhkcxdod
xrtenxgkyhzarsusttqydpr
tgzeaaznutocurcvhaiwydiuiyprpxdnodmftbryvsniskvdgaceqhhebgriopffunhij
axwjaowzhxybkbzpwtkqmgxdgmxdt
yxwpxargydqffmqixjn
qaaszbgbuwsksxuj
ddruwhchhyghlgvsbur
zparnjjgvqbvzgsoovolywnx
ldnuijoqo