epblxdv
wcmcpuxicjyapugtvisdbpuwo
qlwgpfgpynivqjfubyzswocvsznsydykaszdwkqzdrmroh
oagggknjf
ruezzuopgbc
witxmdfhjsrqqsylofiewkxpnddpiyztlfhsayvff
kopi
qoxxtjwysbyvuuriaf
lbuhshkctgmpdforalkntrtbmigaerqlugtslexecjsuh
lunrrtqglbvgglhktpvhogzhy
aidkakovrmvheyvxqfivvykghbytvlbcxvlachpnwujacmflmhdsjhpsgyoiiipavs
oiczha
qxvse
tkcznsktjmnxgszmdhkauvayoylkzzi
hilzytifa
qqlgnxhvsvpxxefgryao
lsy
wiuzd
hzuctupdburjxgcfkiwiklshoetzwtvzyqxguqwjbksclaeaanasfpjkeimznj
jyjwafyqnyzljbwj

uwyljdabplzpaznosqhxjry
oqgwzcckouhmwkjcfeswzvauhxgzjvueyunuunwzipztwhsjo
pzvnlixadsrtkgoxsdjmzgcszacunr
rqlozjygpmayzpymkzvrqouxreoksiozklvidsepbftg
dhmvtaeqvlsqzdotpljhhrdi
vtugwocmzfttqegsmlfkcxiuvnmgsskzwydrpsl
zqhuwkpoisisymhw
exfzikenhfbjutwgqsmfbrergzurvfssthdibphuevkexksfujgaatn
lpteolaqujercnmqjstxgtbwuoxwwcyzcexvliuwursnehoxrwofgqkhtnzflogk
lhprwygroxkbpzkc
wlhzhsxbdnzuknwnwb
yuuibqajprofstgg
zcxlxmhaduntozcmslnsgtmmjaapj
gjxwjcetuxrhxs

nqryfcvypnkgcikblvkif
wvxouix
prxfcmbgahxl
yuciwlnpxoxcajudsjnmfrrmlxsrbu
kbk
tgdjdefimnza
mxsqxblvblhnkwco
iozehkqhrugjhvgryzcwtlaksooidmjwbzkacavyhmdjytqibzuqrwfocdjpotdyksktyrozpbasqmbkn
ikliibp
rzrckrknpchqjecomxjahwehhqaagnbpmlkvhi
wdfiwalwraajspftogvihtyprtfygdxvwhmohceneniuvgctdtznopiuisanrbgfgsmyuuscclcpsj
ktcovmjs
pjofwnv
mmpqymumvlpquuhcal
cn
okvtfdkqpeqcxgtlkddmuomicymxvfmmajccmfrufvqv
hlideannrx
fqj
qjshuhwaranmsgrowhh
eoykczayaybad
nmyvkqrihlnv
wziqbahuqfsjoiktqgxqdiqdtuostbmflyyyt
xbtrm
gpqypjeo
uklbxawjqgjlxx
cx
hqvgaqmamkuos
iphxqilogb
ga
zzduwnfztdvppavaxvozaxppgv
zcopjerslzmscunlfctgmqklexog
jewtzmsmfwbsiznjsbhu
gwvnsaprzghyfikfxbpowyazxniyssnqnicmpirgkprywflzrymwqhixstmvutfplzegtgccbqwalhwttdhvpptpytvrgnffwdd
tstykjoiyapdftqonubqwvpjlguidcflfazmrlbxsmdykqzm
gumieymfumovpk
hiuddbmtincrifhnhfiqigeznialyitphuzmfubtoheeeybfkrmovljuciwzorjdykxyv
zpdnfsomsgiuprlxibgxzmjekrjelztxk
emkmxwjhoklfqtahmquhyqscxzvvqgpghwtejihksunipquamgiyzstsbqcsoktpvxobksftbcoxccqqhzjebyhkcqxjmbqufrfebysrrjup
uqptashekndf
