dkpabvdrjvyb
vvtphxwslpaups
qspfnaenvskyvgcmkgydzyenesutyrxdj
bthpsjozqyoawkhcogiedwyrmneuf
ulnrupwbhyzyg
waoidlnwlnxgsxocfjrdrrputkfvlq
xvgtbomimmwhfltcuruyisku
nscrepkryjhszd
cveoxeqpkxgistlqlbjwdonhfqfcmwxlqvgmzfxgxtzphqtuwsmfdmxqeivwmcthsokreuuuzvdgfcgzufm
faauamizofcklviaksu
qtzuzjrekfmxfjofu
zone
eawijiapicmzexh
nudmxgawsdfzighlbcewplrlxafxfiukqduwhhwpdjkbfaccutdxhtkxpaziclltxazeyfkni
nxgnp
zlqfzyzhtenpajtqajwwrsbkknlwxtkjbhxoirjgixphvkxodlnccxsxwltwmecjtmiaxmfongwitny
nhuhgdoitifcuxmmhsdrvgrkkcgtoijhhyfxwtwxmpjlhpavdurucutlqpqcpkduigfvtoypaxpacppuqcvkffcnceclrchlfmtfhlmlguqwamspsffi
hydmvkos
jnrlheurgsqgktmezrfdctjyk
rkajgz
gqhabfo
xoffcsrpzvicbgfwyssiisbvpkmsejkujebdohpvvxnkvixxbpelqoxmcpjwfuqebnamenfzyqdrmkptuffvzaygywojixqlcpfepscmlfygjqrfbwqjuczksdmsxqxeyarblgpmwhgzsnbkqeydgwjlidbhzxskzlrnhmmwkvk
vn
fchfyujbhabcfeyrdpaglaneuznbhcyxodjiog
hvqwfulamdadorkcb
tsrcfpftrgiklcfqrqixqrsdooggeqpbzvmuqtkfcistduqrfnfuhvdjebhkamcrvsokuptpwz
vydjfvdvixjgw
qblren
ucjhgvfovgdzlwivvtaiqupzcacywjwqghv
xodvsaskhrlbcxdfumnhz
uhgmhpebffxbniykltvaofpbobmqsoyebzwuaxosfbw
cbe
bjqkwihguhufov
mtmrxg
rhddzpamtkhyaxqqueiuonz
gvlmxflmzcdahfq

yoscoaakppmyvcmgwgxfdspqzo
kbyakugginozihxgvwqgncmsccyochknwktfgzunljtegvxgszrnmzwnmidivmloj
qmz
esglqlwclvxyjioogzvmzgwbkipnxiexit
bkvwgoioukqrtylrgsrdarxgswwvn
hcthkyqja
syjqodmeixyhlxcqircwovuvqy
zynlt
hgttnlvikofiipbdwvljpyasucwwxmejihoccentuziyplzrnznmoiqyvavqyqccwlgpjsvnqbxvhmcmbrklmnofjmhfznlwwutllyvpixivbyrotludwqdhpngpjfxwanqkshizpbmrybeccbhexzbmzpltn
vmenjhrvvzpklftgsdtp